12:43:43|/index.php|http://localhost:3000/index.php?id=about
12:43:43|/index.php|http://localhost:3000/index.php?id=about
12:43:43|/index.php|http://localhost:3000/index.php?id=about
12:43:44|/index.php|http://localhost:3000/index.php?id=about
12:43:44|/index.php|http://localhost:3000/index.php?id=about
12:43:44|/index.php|http://localhost:3000/index.php?id=about
12:43:44|/index.php|http://localhost:3000/index.php?id=about
12:43:44|/index.php|http://localhost:3000/index.php?id=about
12:43:45|/index.php|http://localhost:3000/index.php?id=about
12:43:45|/index.php|http://localhost:3000/index.php?id=about
12:43:45|/index.php|http://localhost:3000/index.php?id=about
12:43:45|/index.php|http://localhost:3000/index.php?id=about
12:43:45|/index.php|http://localhost:3000/index.php?id=about
12:43:46|/index.php|http://localhost:3000/index.php?id=about
12:43:46|/index.php|http://localhost:3000/index.php?id=about
12:43:46|/index.php|http://localhost:3000/index.php?id=about
12:43:46|/index.php|http://localhost:3000/index.php?id=about
12:43:46|/index.php|http://localhost:3000/index.php?id=about
12:43:47|/index.php|http://localhost:3000/index.php?id=about
12:43:47|/index.php|http://localhost:3000/index.php?id=about
12:43:47|/index.php|http://localhost:3000/index.php?id=about
12:43:47|/index.php|http://localhost:3000/index.php?id=about
12:43:47|/index.php|http://localhost:3000/index.php?id=about
12:43:48|/index.php|http://localhost:3000/index.php?id=about
12:43:48|/index.php|http://localhost:3000/index.php?id=about
12:43:48|/index.php|http://localhost:3000/index.php?id=about
12:43:48|/index.php|http://localhost:3000/index.php?id=about
12:43:48|/index.php|http://localhost:3000/index.php?id=about
12:43:49|/index.php|http://localhost:3000/index.php?id=about
12:43:49|/index.php|http://localhost:3000/index.php?id=about
12:43:49|/index.php|http://localhost:3000/index.php?id=about
12:43:49|/index.php|http://localhost:3000/index.php?id=about
12:43:49|/index.php|http://localhost:3000/index.php?id=about
12:43:50|/index.php|http://localhost:3000/index.php?id=about
12:43:50|/index.php|http://localhost:3000/index.php?id=about
12:43:50|/index.php|http://localhost:3000/index.php?id=about
12:43:50|/index.php|http://localhost:3000/index.php?id=about
12:43:50|/index.php|http://localhost:3000/index.php?id=about
12:43:51|/index.php|http://localhost:3000/index.php?id=about
12:43:51|/index.php|http://localhost:3000/index.php?id=about
12:43:51|/index.php|http://localhost:3000/index.php?id=about
12:43:51|/index.php?id=gbook|http://localhost:3000/index.php
12:43:52|/index.php?id=gbook|http://localhost:3000/index.php?id=gbook
12:43:53|/index.php|http://localhost:3000/index.php?id=gbook
12:43:53|/index.php|http://localhost:3000/index.php?id=gbook
12:43:53|/index.php|http://localhost:3000/index.php?id=gbook
12:43:53|/index.php|http://localhost:3000/index.php?id=gbook
12:43:53|/index.php|http://localhost:3000/index.php?id=gbook
12:43:54|/index.php|http://localhost:3000/index.php?id=gbook
12:43:54|/index.php|http://localhost:3000/index.php?id=gbook
12:43:54|/index.php|http://localhost:3000/index.php?id=gbook
12:43:54|/index.php|http://localhost:3000/index.php?id=gbook
12:43:54|/index.php|http://localhost:3000/index.php?id=gbook
12:43:55|/index.php|
12:46:24|/index.php|
12:46:27|/index.php?id=info|http://localhost:3000/index.php
12:46:28|/index.php?id=info|http://localhost:3000/index.php
12:46:28|/index.php?id=info|http://localhost:3000/index.php?id=info
12:46:29|/index.php?id=info|http://localhost:3000/index.php?id=info
12:46:30|/index.php?id=info|http://localhost:3000/index.php?id=info
12:46:31|/index.php?id=info|http://localhost:3000/index.php?id=info
12:46:32|/index.php?id=info|http://localhost:3000/index.php?id=info
