12:55:02|/index.php?id=log|http://localhost:3000/index.php?id=info
12:55:05|/index.php?id=info|http://localhost:3000/index.php?id=log
12:55:07|/index.php?id=about|http://localhost:3000/index.php?id=info
12:55:08|/index.php?id=contact|http://localhost:3000/index.php?id=about
12:55:10|/index.php|http://localhost:3000/index.php?id=contact
12:55:25|/index.php?id=log|http://localhost:3000/index.php?id=log
04:27:34|/mysitea2/index.php|
04:27:36|/mysitea2/index.php|
04:27:39|/mysitea2/index.php?id=gbook|http://localhost:3000/mysitea2/index.php
04:29:22|/mysitea2/index.php?id=gbook|http://localhost:3000/mysitea2/index.php
04:30:04|/mysitea2/index.php?id=gbook|http://localhost:3000/mysitea2/index.php
04:30:05|/mysitea2/index.php?id=gbook|http://localhost:3000/mysitea2/index.php
04:30:11|/mysitea2/index.php?id=gbook|http://localhost:3000/mysitea2/index.php
04:30:12|/mysitea2/index.php?id=gbook|http://localhost:3000/mysitea2/index.php
04:30:27|/mysitea2/index.php?id=gbook|http://localhost:3000/mysitea2/index.php
04:30:29|/mysitea2/index.php?id=gbook|http://localhost:3000/mysitea2/index.php
04:30:30|/mysitea2/index.php?id=gbook|http://localhost:3000/mysitea2/index.php
04:30:42|/mysitea2/index.php?id=gbook|http://localhost:3000/mysitea2/index.php
04:30:45|/mysitea2/index.php?id=gbook|http://localhost:3000/mysitea2/index.php
04:32:40|/mysitea2/index.php?id=gbook|http://localhost:3000/mysitea2/index.php
04:32:41|/mysitea2/index.php?id=gbook|http://localhost:3000/mysitea2/index.php
04:32:42|/mysitea2/index.php?id=gbook|http://localhost:3000/mysitea2/index.php
04:32:43|/mysitea2/index.php?id=gbook|http://localhost:3000/mysitea2/index.php
04:33:56|/mysitea2/index.php?id=gbook|http://localhost:3000/mysitea2/index.php
04:33:58|/mysitea2/index.php?id=gbook|http://localhost:3000/mysitea2/index.php
04:40:10|/mysitea2/index.php?id=gbook|http://localhost:3000/mysitea2/index.php
04:40:21|/mysitea2/index.php?id=gbook|http://localhost:3000/mysitea2/index.php
04:45:24|/mysitea2/index.php?id=gbook|http://localhost:3000/mysitea2/index.php
04:45:26|/mysitea2/index.php?id=gbook|http://localhost:3000/mysitea2/index.php
04:45:27|/mysitea2/index.php?id=gbook|http://localhost:3000/mysitea2/index.php
04:45:29|/mysitea2/index.php?id=gbook|http://localhost:3000/mysitea2/index.php
04:45:38|/mysitea2/index.php?id=gbook|http://localhost:3000/mysitea2/index.php
04:45:39|/mysitea2/index.php?id=gbook|http://localhost:3000/mysitea2/index.php
04:45:49|/mysitea2/index.php?id=gbook|http://localhost:3000/mysitea2/index.php
04:46:58|/mysitea2/index.php?id=gbook|http://localhost:3000/mysitea2/index.php
04:46:59|/mysitea2/index.php?id=gbook|http://localhost:3000/mysitea2/index.php
04:47:05|/mysitea2/index.php?id=gbook|http://localhost:3000/mysitea2/index.php
04:47:44|/mysitea2/index.php?id=gbook|http://localhost:3000/mysitea2/index.php
04:47:49|/mysitea2/index.php?id=gbook|http://localhost:3000/mysitea2/index.php
04:47:57|/mysitea2/index.php?id=gbook|http://localhost:3000/mysitea2/index.php
04:48:08|/mysitea2/index.php?id=gbook|http://localhost:3000/mysitea2/index.php
04:48:13|/mysitea2/index.php?id=gbook|http://localhost:3000/mysitea2/index.php
04:49:04|/mysitea2/index.php?id=gbook|http://localhost:3000/mysitea2/index.php
04:49:05|/mysitea2/index.php?id=gbook|http://localhost:3000/mysitea2/index.php
04:49:08|/mysitea2/index.php?id=gbook|http://localhost:3000/mysitea2/index.php
04:49:09|/mysitea2/index.php?id=gbook|http://localhost:3000/mysitea2/index.php
04:58:48|/mysitea2/index.php?id=gbook|http://localhost:3000/mysitea2/index.php
04:58:50|/mysitea2/index.php?id=gbook|http://localhost:3000/mysitea2/index.php
04:58:51|/mysitea2/index.php?id=gbook|http://localhost:3000/mysitea2/index.php
04:59:19|/mysitea2/index.php?id=gbook|http://localhost:3000/mysitea2/index.php
05:04:17|/mysitea2/index.php?id=gbook|http://localhost:3000/mysitea2/index.php
05:04:20|/mysitea2/index.php?id=gbook|http://localhost:3000/mysitea2/index.php
05:07:26|/mysitea2/index.php?id=gbook|http://localhost:3000/mysitea2/index.php
05:07:42|/mysitea2/index.php?id=gbook|http://localhost:3000/mysitea2/index.php
05:09:12|/mysitea2/index.php?id=gbook|http://localhost:3000/mysitea2/index.php?id=gbook
05:09:39|/mysitea2/index.php?id=gbook|http://localhost:3000/mysitea2/index.php?id=gbook
05:09:51|/mysitea2/index.php?id=gbook|http://localhost:3000/mysitea2/index.php?id=gbook
05:09:58|/mysitea2/index.php?id=gbook|
10:37:36|/mysitea2/|
10:37:40|/mysitea2/index.php?id=log|http://localhost:3000/mysitea2/
10:37:45|/mysitea2/index.php?id=gbook|http://localhost:3000/mysitea2/index.php?id=log
10:38:15|/mysitea2/index.php?id=gbook|http://localhost:3000/mysitea2/index.php?id=gbook
10:38:40|/mysitea2/index.php?id=gbook|
10:38:49|/mysitea2/index.php?id=gbook|http://localhost:3000/mysitea2/index.php?id=gbook
10:40:17|/mysitea2/index.php?id=gbook|
10:41:02|/mysitea2/index.php?id=gbook|
10:42:04|/mysitea2/index.php?id=gbook|
10:42:10|/mysitea2/index.php?id=gbook|
10:42:11|/mysitea2/index.php?id=gbook|
10:42:48|/mysitea2/index.php?id=gbook|
10:42:49|/mysitea2/index.php?id=gbook|
10:44:42|/mysitea2/index.php?id=gbook|
10:45:12|/mysitea2/index.php?id=gbook|
10:49:37|/mysitea2/index.php?id=gbook|
10:50:32|/mysitea2/index.php?id=gbook|
10:50:33|/mysitea2/index.php?id=gbook|
10:54:11|/mysitea2/index.php?id=gbook|
10:54:23|/mysitea2/index.php?id=gbook|
10:54:24|/mysitea2/index.php?id=gbook|
10:59:30|/mysitea2/index.php?id=gbook|
11:00:41|/mysitea2/index.php?id=gbook|
11:01:00|/mysitea2/index.php?id=gbook|
11:01:01|/mysitea2/index.php?id=gbook|
11:01:29|/mysitea2/index.php?id=gbook|
11:01:39|/mysitea2/index.php?id=gbook|
11:09:22|/mysitea2/index.php?id=gbook|
11:09:23|/mysitea2/index.php?id=gbook|
11:10:19|/mysitea2/index.php?id=gbook|
11:10:48|/mysitea2/index.php?id=gbook|
11:10:49|/mysitea2/index.php?id=gbook|
11:16:08|/mysitea2/index.php?id=gbook|
11:16:09|/mysitea2/index.php?id=gbook|
11:16:13|/mysitea2/index.php?id=gbook|http://localhost:3000/mysitea2/index.php?id=gbook
11:17:12|/mysitea2/index.php?id=gbook|
11:17:13|/mysitea2/index.php?id=gbook|
11:17:14|/mysitea2/index.php?id=gbook|http://localhost:3000/mysitea2/index.php?id=gbook
11:17:17|/mysitea2/index.php?id=gbook|http://localhost:3000/mysitea2/index.php?id=gbook
11:17:33|/mysitea2/index.php?id=gbook|
11:17:35|/mysitea2/index.php?id=gbook|http://localhost:3000/mysitea2/index.php?id=gbook
11:18:13|/mysitea2/index.php?id=gbook|
11:18:14|/mysitea2/index.php?id=gbook|
11:18:18|/mysitea2/index.php?id=gbook|http://localhost:3000/mysitea2/index.php?id=gbook
11:18:20|/mysitea2/index.php?id=gbook|http://localhost:3000/mysitea2/index.php?id=gbook
11:18:23|/mysitea2/index.php?id=gbook|
11:18:54|/mysitea2/index.php?id=gbook|http://localhost:3000/mysitea2/index.php?id=gbook
11:18:58|/mysitea2/index.php?id=gbook|
11:19:01|/mysitea2/index.php?id=gbook|http://localhost:3000/mysitea2/index.php?id=gbook
11:19:02|/mysitea2/index.php?id=gbook|http://localhost:3000/mysitea2/index.php?id=gbook
11:19:05|/mysitea2/index.php?id=gbook|
11:19:07|/mysitea2/index.php?id=gbook|http://localhost:3000/mysitea2/index.php?id=gbook
11:19:43|/mysitea2/index.php?id=gbook|
11:19:45|/mysitea2/index.php?id=gbook|http://localhost:3000/mysitea2/index.php?id=gbook
11:19:45|/mysitea2/index.php|http://localhost:3000/mysitea2/index.php?id=gbook
11:19:47|/mysitea2/index.php?id=gbook|http://localhost:3000/mysitea2/index.php
11:20:13|/mysitea2/index.php?id=gbook|http://localhost:3000/mysitea2/index.php
11:20:15|/mysitea2/index.php?id=gbook|http://localhost:3000/mysitea2/index.php?id=gbook
11:20:15|/mysitea2/index.php|http://localhost:3000/mysitea2/index.php?id=gbook
11:20:17|/mysitea2/index.php?id=gbook|http://localhost:3000/mysitea2/index.php
11:20:22|/mysitea2/index.php?id=gbook|http://localhost:3000/mysitea2/index.php
11:20:24|/mysitea2/index.php?id=gbook|http://localhost:3000/mysitea2/index.php?id=gbook
11:20:26|/mysitea2/index.php?id=gbook|
11:20:50|/mysitea2/index.php?id=gbook|
11:21:29|/mysitea2/index.php?id=gbook|http://localhost:3000/mysitea2/index.php?id=gbook
11:21:39|/mysitea2/index.php?id=gbook|
11:22:06|/mysitea2/index.php?id=gbook|http://localhost:3000/mysitea2/index.php?id=gbook
11:22:27|/mysitea2/index.php?id=gbook|http://localhost:3000/mysitea2/index.php?id=gbook
11:23:45|/mysitea2/index.php?id=gbook|http://localhost:3000/mysitea2/index.php?id=gbook
11:24:00|/mysitea2/index.php?id=gbook|http://localhost:3000/mysitea2/index.php?id=gbook
11:24:10|/mysitea2/index.php?id=gbook|
11:24:24|/mysitea2/index.php?id=gbook|
11:24:25|/mysitea2/index.php?id=gbook|
11:24:36|/mysitea2/index.php?id=gbook|http://localhost:3000/mysitea2/index.php?id=gbook
11:24:57|/mysitea2/index.php?id=gbook|http://localhost:3000/mysitea2/index.php?id=gbook
11:25:00|/mysitea2/index.php?id=gbook|http://localhost:3000/mysitea2/index.php?id=gbook
11:26:44|/mysitea2/index.php?id=gbook|http://localhost:3000/mysitea2/index.php?id=gbook
11:27:26|/mysitea2/index.php?id=gbook|http://localhost:3000/mysitea2/index.php?id=gbook
11:27:30|/mysitea2/index.php?id=gbook|http://localhost:3000/mysitea2/index.php?id=gbook
11:27:33|/mysitea2/index.php?id=gbook|http://localhost:3000/mysitea2/index.php?id=gbook
11:27:41|/mysitea2/index.php?id=gbook|http://localhost:3000/mysitea2/index.php?id=gbook
11:28:07|/mysitea2/index.php?id=gbook|http://localhost:3000/mysitea2/index.php?id=gbook
11:28:08|/mysitea2/index.php?id=gbook|http://localhost:3000/mysitea2/index.php?id=gbook
11:28:11|/mysitea2/index.php?id=gbook|http://localhost:3000/mysitea2/index.php?id=gbook
11:28:12|/mysitea2/index.php?id=gbook|http://localhost:3000/mysitea2/index.php?id=gbook
11:28:40|/mysitea2/index.php?id=gbook|http://localhost:3000/mysitea2/index.php?id=gbook
11:28:42|/mysitea2/index.php?id=gbook|http://localhost:3000/mysitea2/index.php?id=gbook
11:28:43|/mysitea2/index.php?id=gbook|http://localhost:3000/mysitea2/index.php?id=gbook
11:28:55|/mysitea2/index.php?id=gbook|http://localhost:3000/mysitea2/index.php?id=gbook
11:29:01|/mysitea2/index.php?id=gbook|http://localhost:3000/mysitea2/index.php?id=gbook
11:29:02|/mysitea2/index.php?id=gbook|http://localhost:3000/mysitea2/index.php?id=gbook
11:29:10|/mysitea2/index.php?id=gbook|http://localhost:3000/mysitea2/index.php?id=gbook
11:29:16|/mysitea2/index.php?id=gbook|http://localhost:3000/mysitea2/index.php?id=gbook
11:29:43|/mysitea2/index.php?id=gbook|http://localhost:3000/mysitea2/index.php?id=gbook
11:30:59|/mysitea2/index.php?id=gbook|http://localhost:3000/mysitea2/index.php?id=gbook
11:31:02|/mysitea2/index.php?id=gbook|http://localhost:3000/mysitea2/index.php?id=gbook
11:31:06|/mysitea2/index.php?id=gbook|http://localhost:3000/mysitea2/index.php?id=gbook
11:31:25|/mysitea2/index.php?id=gbook|http://localhost:3000/mysitea2/index.php?id=gbook
11:31:39|/mysitea2/index.php?id=gbook|http://localhost:3000/mysitea2/index.php?id=gbook
11:31:55|/mysitea2/index.php?id=gbook|http://localhost:3000/mysitea2/index.php?id=gbook
11:31:59|/mysitea2/index.php?id=gbook|http://localhost:3000/mysitea2/index.php?id=gbook
11:32:23|/mysitea2/index.php?id=gbook|http://localhost:3000/mysitea2/index.php?id=gbook
11:32:30|/mysitea2/index.php?id=gbook|http://localhost:3000/mysitea2/index.php?id=gbook
11:32:50|/mysitea2/index.php?id=gbook|http://localhost:3000/mysitea2/index.php?id=gbook
